<testsuite name="Mocha Tests" tests="6" failures="0" errors="0" skipped="0" timestamp="Thu, 19 May 2016 07:22:39 GMT" time="0.174">
<testcase classname="post action creators When called with valid input create" name="It should not throw an error" time="0"/>
<testcase classname="post action creators When called with valid input create" name="It should return the correct action" time="0.001"/>
<testcase classname="post action creators When called with valid input update" name="It should not throw an error" time="0"/>
<testcase classname="post action creators When called with valid input update" name="It should return the correct action" time="0.001"/>
<testcase classname="account and session relationship When creating a session, and we want to add an account fk  The sequelize persisted session" name="has to have a setAccount method " time="0.038"/>
<testcase classname="account and session relationship When creating a session, and we want to add an account fk  The sequelize persisted session" name="has to have a getAccount method" time="0.051"/>
</testsuite>
